\BOOKMARK [0][-]{Doc-Start}{\376\377\000A\000B\000S\000T\000R\000A\000C\000T}{}% 1
\BOOKMARK [0][-]{Doc-Start}{\376\377\016\032\016\027\016\004\016\061\016\024\016\042\016\110\016\055}{}% 2
\BOOKMARK [0][-]{Doc-Start}{\376\377\016\001\016\064\016\025\016\025\016\064\016\001\016\043\016\043\016\041\016\033\016\043\016\060\016\001\016\062\016\050}{}% 3
\BOOKMARK [0][-]{Doc-Start}{\376\377\016\052\016\062\016\043\016\032\016\061\016\015}{}% 4
\BOOKMARK [0][-]{Doc-Start}{\376\377\016\052\016\062\016\043\016\032\016\061\016\015\016\025\016\062\016\043\016\062\016\007}{}% 5
\BOOKMARK [0][-]{Doc-Start}{\376\377\016\052\016\062\016\043\016\032\016\061\016\015\016\043\016\071\016\033\016\040\016\062\016\036}{}% 6
\BOOKMARK [0][-]{Doc-Start}{\376\377\016\052\016\062\016\043\016\032\016\061\016\015\016\004\016\063\016\050\016\061\016\036\016\027\016\114\016\027\016\062\016\007\016\100\016\027\016\004\016\031\016\064\016\004\016\101\016\045\016\060\016\004\016\063\016\042\016\110\016\055}{}% 7
\BOOKMARK [0][-]{chapter.1}{\376\377\016\032\016\027\016\027\016\065\016\110\000\040\016\032\016\027\016\031\016\063}{}% 8
\BOOKMARK [1][-]{section.1.1}{\376\377\016\027\016\065\016\110\016\041\016\062\016\101\016\045\016\060\016\004\016\047\016\062\016\041\016\052\016\063\016\004\016\061\016\015}{chapter.1}% 9
\BOOKMARK [1][-]{section.1.2}{\376\377\016\047\016\061\016\025\016\026\016\070\016\033\016\043\016\060\016\052\016\007\016\004\016\114}{chapter.1}% 10
\BOOKMARK [1][-]{section.1.3}{\376\377\016\002\016\055\016\032\016\100\016\002\016\025\016\002\016\055\016\007\016\102\016\004\016\043\016\007\016\007\016\062\016\031}{chapter.1}% 11
\BOOKMARK [1][-]{section.1.4}{\376\377\016\033\016\043\016\060\016\102\016\042\016\012\016\031\016\114\016\027\016\065\016\110\016\004\016\062\016\024\016\047\016\110\016\062\016\010\016\060\016\104\016\024\016\111\016\110\016\043\016\061\016\032}{chapter.1}% 12
\BOOKMARK [1][-]{section.1.5}{\376\377\016\100\016\031\016\067\016\111\016\055\016\053\016\062\016\027\016\062\016\007\016\047\016\064\016\050\016\047\016\001\016\043\016\043\016\041\016\027\016\065\016\110\016\100\016\033\016\107\016\031\016\025\016\111\016\031\016\011\016\032\016\061\016\032}{chapter.1}% 13
\BOOKMARK [1][-]{section.1.6}{\376\377\016\001\016\062\016\043\016\101\016\042\016\001\016\042\016\110\016\055\016\042\016\007\016\062\016\031\000\040\016\101\016\045\016\060\016\043\016\110\016\062\016\007\016\101\016\034\016\031\016\004\016\063\016\101\016\031\016\060\016\031\016\063\016\010\016\062\016\001\016\055\016\062\016\010\016\062\016\043\016\042\016\114\016\027\016\065\016\110\016\033\016\043\016\066\016\001\016\051\016\062}{chapter.1}% 14
\BOOKMARK [1][-]{section.1.7}{\376\377\016\025\016\062\016\043\016\062\016\007\016\001\016\062\016\043\016\024\016\063\016\100\016\031\016\064\016\031\016\007\016\062\016\031}{chapter.1}% 15
\BOOKMARK [1][-]{section.1.8}{\376\377\016\034\016\045\016\001\016\062\016\043\016\024\016\063\016\100\016\031\016\064\016\031\016\007\016\062\016\031\016\103\016\031\016\040\016\062\016\004\016\001\016\062\016\043\016\050\016\066\016\001\016\051\016\062\016\027\016\065\016\110\000\040\0001}{chapter.1}% 16
\BOOKMARK [1][-]{section.1.9}{\376\377\016\034\016\045\016\001\016\062\016\043\016\024\016\063\016\100\016\031\016\064\016\031\016\007\016\062\016\031\016\103\016\031\016\040\016\062\016\004\016\001\016\062\016\043\016\050\016\066\016\001\016\051\016\062\016\027\016\065\016\110\000\040\0002}{chapter.1}% 17
\BOOKMARK [0][-]{chapter.2}{\376\377\016\032\016\027\016\027\016\065\016\110\000\040\016\027\016\044\016\051\016\016\016\065\016\004\016\047\016\062\016\041\016\043\016\071\016\111\016\101\016\045\016\060\016\007\016\062\016\031\016\027\016\065\016\110\016\100\016\001\016\065\016\110\016\042\016\047\016\002\016\111\016\055\016\007}{}% 18
\BOOKMARK [1][-]{section.2.1}{\376\377\016\027\016\044\016\051\016\016\016\065\016\027\016\065\016\110\016\100\016\001\016\065\016\110\016\042\016\047\016\002\016\111\016\055\016\007}{chapter.2}% 19
\BOOKMARK [2][-]{subsection.2.1.1}{\376\377\000B\000l\000o\000c\000k\000c\000h\000a\000i\000n\000\040\000b\000l\000o\000c\000k\000c\000h\000a\000i\000n}{section.2.1}% 20
\BOOKMARK [2][-]{subsection.2.1.2}{\376\377\000E\000R\000C\000-\0002\0000\000\040\000e\000r\000c\0002\0000}{section.2.1}% 21
\BOOKMARK [2][-]{subsection.2.1.3}{\376\377\000E\000R\000C\000-\0007\0002\0001\000\040\000e\000r\000c\0007\0002\0001}{section.2.1}% 22
\BOOKMARK [2][-]{subsection.2.1.4}{\376\377\000E\000t\000h\000e\000r\000e\000u\000m\000\040\000C\000h\000a\000i\000n\000\040\000a\000n\000d\000\040\000E\000T\000H\000e\000t\000h}{section.2.1}% 23
\BOOKMARK [2][-]{subsection.2.1.5}{\376\377\000S\000o\000u\000l\000b\000o\000u\000n\000d\000\040\000T\000o\000k\000e\000n\000\040\000\050\000S\000B\000T\000s\000\051\000s\000b\000t\000s}{section.2.1}% 24
\BOOKMARK [2][-]{subsection.2.1.6}{\376\377\000S\000o\000f\000t\000w\000a\000r\000e\000\040\000E\000n\000g\000i\000n\000e\000e\000r\000i\000n\000g\000\040\000s\000o\000f\000t\000e\000n\000g\0001\000,\000\040\000s\000o\000f\000t\000e\000n\000g\0002}{section.2.1}% 25
\BOOKMARK [2][-]{subsection.2.1.7}{\376\377\000S\000m\000a\000r\000t\000\040\000C\000o\000n\000t\000r\000a\000c\000t\000\040\000s\000m\000a\000r\000t\000c\000o\000n\000t\000r\000a\000c\000t}{section.2.1}% 26
\BOOKMARK [2][-]{subsection.2.1.8}{\376\377\000N\000o\000n\000-\000F\000u\000n\000g\000i\000b\000l\000e\000\040\000T\000o\000k\000e\000n\000\040\000\050\000N\000F\000T\000\051\000\040\000n\000f\000t}{section.2.1}% 27
\BOOKMARK [2][-]{subsection.2.1.9}{\376\377\000A\000s\000s\000e\000t\000\040\000\050\016\052\016\064\016\031\016\027\016\043\016\061\016\036\016\042\016\114\000\051\000\040\000a\000s\000s\000e\000t}{section.2.1}% 28
\BOOKMARK [2][-]{subsection.2.1.10}{\376\377\000D\000i\000g\000i\000t\000a\000l\000\040\000A\000s\000s\000e\000t\000\040\000\050\016\052\016\064\016\031\016\027\016\043\016\061\016\036\016\042\016\114\016\024\016\064\016\010\016\064\016\027\016\061\016\045\000\051\000\040\000d\000i\000g\000i\000t\000a\000l\000-\000a\000s\000s\000e\000t}{section.2.1}% 29
\BOOKMARK [2][-]{subsection.2.1.11}{\376\377\016\036\016\064\016\031\016\061\016\042\016\001\016\043\016\043\016\041\000\040\000w\000i\000l\000l}{section.2.1}% 30
\BOOKMARK [1][-]{section.2.2}{\376\377\016\007\016\062\016\031\016\047\016\064\016\010\016\061\016\042\016\027\016\065\016\110\016\100\016\001\016\065\016\110\016\042\016\047\016\002\016\111\016\055\016\007}{chapter.2}% 31
\BOOKMARK [2][-]{subsection.2.2.1}{\376\377\000C\000r\000y\000p\000t\000o\000W\000i\000l\000l\000\040\000c\000r\000y\000p\000t\000o\000w\000i\000l\000l}{section.2.2}% 32
\BOOKMARK [1][-]{section.2.3}{\376\377\016\100\016\027\016\004\016\031\016\064\016\004\016\101\016\045\016\060\016\100\016\027\016\004\016\102\016\031\016\102\016\045\016\042\016\065\016\027\016\065\016\110\016\103\016\012\016\111}{chapter.2}% 33
\BOOKMARK [2][-]{subsection.2.3.1}{\376\377\000E\000t\000h\000e\000r\000e\000u\000m\000\040\000C\000h\000a\000i\000n\000\040\000e\000t\000h}{section.2.3}% 34
\BOOKMARK [2][-]{subsection.2.3.2}{\376\377\000G\000i\000t\000H\000u\000b\000\040\000g\000i\000t\000h\000u\000b}{section.2.3}% 35
\BOOKMARK [2][-]{subsection.2.3.3}{\376\377\000M\000e\000t\000a\000M\000a\000s\000k\000\040\000m\000e\000t\000a\000m\000a\000s\000k}{section.2.3}% 36
\BOOKMARK [2][-]{subsection.2.3.4}{\376\377\000N\000e\000s\000t\000J\000S\000\040\000n\000e\000s\000t\000j\000s}{section.2.3}% 37
\BOOKMARK [2][-]{subsection.2.3.5}{\376\377\000N\000e\000x\000t\000.\000j\000s\000\040\000n\000e\000x\000t\000j\000s}{section.2.3}% 38
\BOOKMARK [2][-]{subsection.2.3.6}{\376\377\000S\000o\000l\000i\000d\000i\000t\000y\000\040\000s\000o\000l\000i\000d\000i\000t\000y}{section.2.3}% 39
\BOOKMARK [2][-]{subsection.2.3.7}{\376\377\000T\000y\000p\000e\000S\000c\000r\000i\000p\000t\000\040\000t\000y\000p\000e\000s\000c\000r\000i\000p\000t}{section.2.3}% 40
\BOOKMARK [2][-]{subsection.2.3.8}{\376\377\000W\000e\000b\0003\000.\000j\000s\000\040\000w\000e\000b\0003\000j\000s}{section.2.3}% 41
\BOOKMARK [2][-]{subsection.2.3.9}{\376\377\000H\000a\000r\000d\000h\000a\000t\000\040\000h\000a\000r\000d\000h\000a\000t}{section.2.3}% 42
\BOOKMARK [2][-]{subsection.2.3.10}{\376\377\000I\000P\000F\000S\000\040\000i\000p\000f\000s}{section.2.3}% 43
\BOOKMARK [0][-]{chapter.3}{\376\377\016\032\016\027\016\027\016\065\016\110\000\040\016\001\016\062\016\043\016\055\016\055\016\001\016\101\016\032\016\032\016\101\016\045\016\060\016\047\016\064\016\030\016\065\016\001\016\062\016\043\016\024\016\063\016\100\016\031\016\064\016\031\016\007\016\062\016\031}{}% 44
\BOOKMARK [1][-]{section.3.1}{\376\377\016\043\016\060\016\032\016\032\016\001\016\062\016\043\016\027\016\063\016\007\016\062\016\031}{chapter.3}% 45
\BOOKMARK [2][-]{subsection.3.1.1}{\376\377\016\040\016\062\016\036\016\043\016\047\016\041\016\002\016\055\016\007\016\043\016\060\016\032\016\032}{section.3.1}% 46
\BOOKMARK [2][-]{subsection.3.1.2}{\376\377\000U\000s\000e\000r\000\040\000J\000o\000u\000r\000n\000e\000y}{section.3.1}% 47
\BOOKMARK [1][-]{section.3.2}{\376\377\000C\000r\000y\000p\000t\000o\000c\000u\000r\000r\000e\000n\000c\000y\000\040\000W\000a\000l\000l\000e\000t}{chapter.3}% 48
\BOOKMARK [1][-]{section.3.3}{\376\377\000D\000i\000a\000g\000r\000a\000m\000\040\000U\000n\000i\000f\000i\000e\000d\000\040\000M\000o\000d\000e\000l\000l\000i\000n\000g\000\040\000L\000a\000n\000g\000u\000a\000g\000e\000\040\000\050\000U\000M\000L\000\051}{chapter.3}% 49
\BOOKMARK [2][-]{subsection.3.3.1}{\376\377\016\101\016\034\016\031\016\040\016\062\016\036\000\040\000U\000s\000e\000\040\000C\000a\000s\000e\000\040\000D\000i\000a\000g\000r\000a\000m}{section.3.3}% 50
\BOOKMARK [2][-]{subsection.3.3.2}{\376\377\000U\000s\000e\000\040\000C\000a\000s\000e\000\040\000N\000a\000r\000r\000a\000t\000i\000v\000e}{section.3.3}% 51
\BOOKMARK [2][-]{subsection.3.3.3}{\376\377\000S\000m\000a\000r\000t\000\040\000C\000o\000n\000t\000r\000a\000c\000t}{section.3.3}% 52
\BOOKMARK [2][-]{subsection.3.3.4}{\376\377\000S\000y\000s\000t\000e\000m\000\040\000A\000r\000c\000h\000i\000t\000e\000c\000t\000u\000r\000e\000\040\000D\000i\000a\000g\000r\000a\000m}{section.3.3}% 53
\BOOKMARK [2][-]{subsection.3.3.5}{\376\377\000S\000e\000q\000u\000e\000n\000c\000e\000\040\000D\000i\000a\000g\000r\000a\000m}{section.3.3}% 54
\BOOKMARK [1][-]{section.3.4}{\376\377\016\052\016\110\016\047\016\031\016\025\016\064\016\024\016\025\016\110\016\055\016\034\016\071\016\111\016\103\016\012\016\111\016\007\016\062\016\031\000\040\000\050\000U\000s\000e\000r\000\040\000I\000n\000t\000e\000r\000f\000a\000c\000e\000\051}{chapter.3}% 55
\BOOKMARK [2][-]{subsection.3.4.1}{\376\377\016\053\016\031\016\111\016\062\016\101\016\043\016\001}{section.3.4}% 56
\BOOKMARK [2][-]{subsection.3.4.2}{\376\377\016\053\016\031\016\111\016\062\016\102\016\033\016\043\016\104\016\037\016\045\016\114}{section.3.4}% 57
\BOOKMARK [2][-]{subsection.3.4.3}{\376\377\016\053\016\031\016\111\016\062\016\052\016\064\016\031\016\027\016\043\016\061\016\036\016\042\016\114\016\002\016\055\016\007\016\004\016\070\016\023}{section.3.4}% 58
\BOOKMARK [2][-]{subsection.3.4.4}{\376\377\016\053\016\031\016\111\016\062\016\032\016\061\016\031\016\027\016\066\016\001\016\052\016\064\016\031\016\027\016\043\016\061\016\036\016\042\016\114}{section.3.4}% 59
\BOOKMARK [2][-]{subsection.3.4.5}{\376\377\016\053\016\031\016\111\016\062\016\043\016\062\016\042\016\012\016\067\016\110\016\055\016\004\016\031\016\043\016\061\016\032\016\041\016\043\016\024\016\001}{section.3.4}% 60
\BOOKMARK [2][-]{subsection.3.4.6}{\376\377\016\053\016\031\016\111\016\062\016\036\016\064\016\031\016\061\016\042\016\001\016\043\016\043\016\041\016\002\016\055\016\007\016\004\016\070\016\023}{section.3.4}% 61
\BOOKMARK [2][-]{subsection.3.4.7}{\376\377\016\053\016\031\016\111\016\062\016\032\016\061\016\031\016\027\016\066\016\001\016\036\016\064\016\031\016\061\016\042\016\001\016\043\016\043\016\041}{section.3.4}% 62
\BOOKMARK [2][-]{subsection.3.4.8}{\376\377\016\053\016\031\016\111\016\062\016\036\016\064\016\031\016\061\016\042\016\001\016\043\016\043\016\041\016\027\016\065\016\110\016\104\016\024\016\111\016\043\016\061\016\032}{section.3.4}% 63
\BOOKMARK [1][-]{section.3.5}{\376\377\016\055\016\055\016\001\016\101\016\032\016\032\016\001\016\062\016\043\016\027\016\024\016\052\016\055\016\032}{chapter.3}% 64
\BOOKMARK [0][-]{chapter.4}{\376\377\016\032\016\027\016\027\016\065\016\110\000\040\016\034\016\045\016\001\016\062\016\043\016\024\016\115\016\062\016\100\016\031\016\064\016\031\016\007\016\062\016\031}{}% 65
\BOOKMARK [1][-]{section.4.1}{\376\377\000S\000i\000t\000e\000\040\000m\000a\000p}{chapter.4}% 66
\BOOKMARK [1][-]{section.4.2}{\376\377\000T\000o\000k\000e\000n\000\040\016\027\016\065\016\110\016\103\016\012\016\111\016\103\016\031\000\040\000W\000i\000l\000l\000-\000C\000h\000a\000i\000n}{chapter.4}% 67
\BOOKMARK [1][-]{section.4.3}{\376\377\000T\000e\000s\000t\000\040\000P\000l\000a\000n}{chapter.4}% 68
\BOOKMARK [1][-]{section.4.4}{\376\377\000S\000o\000f\000t\000w\000a\000r\000e\000\040\000T\000e\000s\000t\000i\000n\000g}{chapter.4}% 69
